PLINK v1.90b5.2 64-bit (9 Jan 2018)
Options in effect:
  --show-tags /users/michaelbinkley/desktop/GTEx/eQTLcausal.txt
  --tag-r2 0.5
  --vcf /users/michaelbinkley/desktop/GTEx/chr22_subset_gtex_copy.vcf

Hostname: DN527t02.SUNet
Working directory: /Users/michaelbinkley/Desktop/RTCstuffs
Start time: Fri Apr  6 12:07:52 2018

Random number seed: 1523041672
8192 MB RAM detected; reserving 4096 MB for main workspace.
--vcf: plink-temporary.bed + plink-temporary.bim + plink-temporary.fam written.
17907 variants loaded from .bim file.
635 people (0 males, 0 females, 635 ambiguous) loaded from .fam.
Ambiguous sex IDs written to plink.nosex .
Using 1 thread (no multithreaded calculations invoked).
Before main variant filters, 635 founders and 0 nonfounders present.
Calculating allele frequencies... done.
Total genotyping rate is 0.995468.
17907 variants and 635 people pass filters and QC.
Note: No phenotypes present.
--show-tags: 1 target variant loaded.
--show-tags: Simple tag ID list (6 tags added) written to plink.tags .

End time: Fri Apr  6 12:07:53 2018
